app/build/intermediates/manifest_merge_blame_file/debug/processDebugMainManifest/manifest-merger-blame-debug-report.txt
1<?xml version="1.0" encoding="utf-8"?>
2<manifest xmlns:android="http://schemas.android.com/apk/res/android"
3    package="com.ossm.remote.debug"
4    android:versionCode="79"
5    android:versionName="1.22.0" >
6
7    <uses-sdk
8        android:minSdkVersion="26"
9        android:targetSdkVersion="35" />
10
11    <!-- BLE permissions Android 12+ -->
12    <uses-permission
12-->src\main\AndroidManifest.xml:5:5-6:58
13        android:name="android.permission.BLUETOOTH_SCAN"
13-->src\main\AndroidManifest.xml:5:22-70
14        android:usesPermissionFlags="neverForLocation" />
14-->src\main\AndroidManifest.xml:6:9-55
15    <uses-permission android:name="android.permission.BLUETOOTH_CONNECT" />
15-->src\main\AndroidManifest.xml:7:5-76
15-->src\main\AndroidManifest.xml:7:22-73
16    <uses-permission android:name="android.permission.BLUETOOTH_ADVERTISE" />
16-->src\main\AndroidManifest.xml:8:5-78
16-->src\main\AndroidManifest.xml:8:22-75
17
18    <!-- Legacy BLE permissions for Android < 12 -->
19    <uses-permission
19-->src\main\AndroidManifest.xml:11:5-12:38
20        android:name="android.permission.BLUETOOTH"
20-->src\main\AndroidManifest.xml:11:22-65
21        android:maxSdkVersion="30" />
21-->src\main\AndroidManifest.xml:12:9-35
22    <uses-permission
22-->src\main\AndroidManifest.xml:13:5-14:38
23        android:name="android.permission.BLUETOOTH_ADMIN"
23-->src\main\AndroidManifest.xml:13:22-71
24        android:maxSdkVersion="30" />
24-->src\main\AndroidManifest.xml:14:9-35
25    <uses-permission
25-->src\main\AndroidManifest.xml:15:5-16:38
26        android:name="android.permission.ACCESS_FINE_LOCATION"
26-->src\main\AndroidManifest.xml:15:22-76
27        android:maxSdkVersion="30" />
27-->src\main\AndroidManifest.xml:16:9-35
28    <uses-permission
28-->src\main\AndroidManifest.xml:17:5-18:38
29        android:name="android.permission.ACCESS_COARSE_LOCATION"
29-->src\main\AndroidManifest.xml:17:22-78
30        android:maxSdkVersion="30" />
30-->src\main\AndroidManifest.xml:18:9-35
31
32    <!-- Storage for funscripts -->
33    <uses-permission
33-->src\main\AndroidManifest.xml:21:5-22:38
34        android:name="android.permission.READ_EXTERNAL_STORAGE"
34-->src\main\AndroidManifest.xml:21:22-77
35        android:maxSdkVersion="32" />
35-->src\main\AndroidManifest.xml:22:9-35
36    <uses-permission android:name="android.permission.READ_MEDIA_VIDEO" />
36-->src\main\AndroidManifest.xml:23:5-75
36-->src\main\AndroidManifest.xml:23:22-72
37
38    <uses-feature
38-->src\main\AndroidManifest.xml:25:5-90
39        android:name="android.hardware.bluetooth_le"
39-->src\main\AndroidManifest.xml:25:19-63
40        android:required="true" />
40-->src\main\AndroidManifest.xml:25:64-87
41
42    <permission
42-->[androidx.core:core:1.15.0] AndroidManifest.xml:22:5-24:47
43        android:name="com.ossm.remote.debug.DYNAMIC_RECEIVER_NOT_EXPORTED_PERMISSION"
43-->[androidx.core:core:1.15.0] AndroidManifest.xml:23:9-81
44        android:protectionLevel="signature" />
44-->[androidx.core:core:1.15.0] AndroidManifest.xml:24:9-44
45
46    <uses-permission android:name="com.ossm.remote.debug.DYNAMIC_RECEIVER_NOT_EXPORTED_PERMISSION" />
46-->[androidx.core:core:1.15.0] AndroidManifest.xml:26:5-97
46-->[androidx.core:core:1.15.0] AndroidManifest.xml:26:22-94
47
48    <application
48-->src\main\AndroidManifest.xml:27:5-48:19
49        android:name="com.ossm.remote.OssmApplication"
49-->src\main\AndroidManifest.xml:28:9-40
50        android:allowBackup="true"
50-->src\main\AndroidManifest.xml:29:9-35
51        android:appComponentFactory="androidx.core.app.CoreComponentFactory"
51-->[androidx.core:core:1.15.0] AndroidManifest.xml:28:18-86
52        android:debuggable="true"
53        android:extractNativeLibs="false"
54        android:icon="@mipmap/ic_launcher"
54-->src\main\AndroidManifest.xml:30:9-43
55        android:label="@string/app_name"
55-->src\main\AndroidManifest.xml:31:9-41
56        android:roundIcon="@mipmap/ic_launcher_round"
56-->src\main\AndroidManifest.xml:32:9-54
57        android:supportsRtl="true"
57-->src\main\AndroidManifest.xml:33:9-35
58        android:theme="@style/Theme.OssmRemote" >
58-->src\main\AndroidManifest.xml:34:9-48
59        <activity
59-->src\main\AndroidManifest.xml:36:9-46:20
60            android:name="com.ossm.remote.MainActivity"
60-->src\main\AndroidManifest.xml:37:13-41
61            android:configChanges="orientation|screenSize|keyboardHidden"
61-->src\main\AndroidManifest.xml:40:13-74
62            android:exported="true"
62-->src\main\AndroidManifest.xml:38:13-36
63            android:screenOrientation="unspecified"
63-->src\main\AndroidManifest.xml:39:13-52
64            android:windowSoftInputMode="adjustResize" >
64-->src\main\AndroidManifest.xml:41:13-55
65            <intent-filter>
65-->src\main\AndroidManifest.xml:42:13-45:29
66                <action android:name="android.intent.action.MAIN" />
66-->src\main\AndroidManifest.xml:43:17-69
66-->src\main\AndroidManifest.xml:43:25-66
67
68                <category android:name="android.intent.category.LAUNCHER" />
68-->src\main\AndroidManifest.xml:44:17-77
68-->src\main\AndroidManifest.xml:44:27-74
69            </intent-filter>
70        </activity>
71
72        <provider
72-->[androidx.emoji2:emoji2:1.3.0] AndroidManifest.xml:24:9-32:20
73            android:name="androidx.startup.InitializationProvider"
73-->[androidx.emoji2:emoji2:1.3.0] AndroidManifest.xml:25:13-67
74            android:authorities="com.ossm.remote.debug.androidx-startup"
74-->[androidx.emoji2:emoji2:1.3.0] AndroidManifest.xml:26:13-68
75            android:exported="false" >
75-->[androidx.emoji2:emoji2:1.3.0] AndroidManifest.xml:27:13-37
76            <meta-data
76-->[androidx.emoji2:emoji2:1.3.0] AndroidManifest.xml:29:13-31:52
77                android:name="androidx.emoji2.text.EmojiCompatInitializer"
77-->[androidx.emoji2:emoji2:1.3.0] AndroidManifest.xml:30:17-75
78                android:value="androidx.startup" />
78-->[androidx.emoji2:emoji2:1.3.0] AndroidManifest.xml:31:17-49
79            <meta-data
79-->[androidx.lifecycle:lifecycle-process:2.8.7] AndroidManifest.xml:29:13-31:52
80                android:name="androidx.lifecycle.ProcessLifecycleInitializer"
80-->[androidx.lifecycle:lifecycle-process:2.8.7] AndroidManifest.xml:30:17-78
81                android:value="androidx.startup" />
81-->[androidx.lifecycle:lifecycle-process:2.8.7] AndroidManifest.xml:31:17-49
82            <meta-data
82-->[androidx.profileinstaller:profileinstaller:1.3.1] AndroidManifest.xml:29:13-31:52
83                android:name="androidx.profileinstaller.ProfileInstallerInitializer"
83-->[androidx.profileinstaller:profileinstaller:1.3.1] AndroidManifest.xml:30:17-85
84                android:value="androidx.startup" />
84-->[androidx.profileinstaller:profileinstaller:1.3.1] AndroidManifest.xml:31:17-49
85        </provider>
86
87        <activity
87-->[androidx.compose.ui:ui-test-manifest:1.7.6] AndroidManifest.xml:23:9-25:39
88            android:name="androidx.activity.ComponentActivity"
88-->[androidx.compose.ui:ui-test-manifest:1.7.6] AndroidManifest.xml:24:13-63
89            android:exported="true" />
89-->[androidx.compose.ui:ui-test-manifest:1.7.6] AndroidManifest.xml:25:13-36
90        <activity
90-->[androidx.compose.ui:ui-tooling-android:1.7.6] AndroidManifest.xml:23:9-25:39
91            android:name="androidx.compose.ui.tooling.PreviewActivity"
91-->[androidx.compose.ui:ui-tooling-android:1.7.6] AndroidManifest.xml:24:13-71
92            android:exported="true" />
92-->[androidx.compose.ui:ui-tooling-android:1.7.6] AndroidManifest.xml:25:13-36
93
94        <service
94-->[androidx.room:room-runtime:2.6.1] AndroidManifest.xml:24:9-28:63
95            android:name="androidx.room.MultiInstanceInvalidationService"
95-->[androidx.room:room-runtime:2.6.1] AndroidManifest.xml:25:13-74
96            android:directBootAware="true"
96-->[androidx.room:room-runtime:2.6.1] AndroidManifest.xml:26:13-43
97            android:exported="false" />
97-->[androidx.room:room-runtime:2.6.1] AndroidManifest.xml:27:13-37
98
99        <receiver
99-->[androidx.profileinstaller:profileinstaller:1.3.1] AndroidManifest.xml:34:9-52:20
100            android:name="androidx.profileinstaller.ProfileInstallReceiver"
100-->[androidx.profileinstaller:profileinstaller:1.3.1] AndroidManifest.xml:35:13-76
101            android:directBootAware="false"
101-->[androidx.profileinstaller:profileinstaller:1.3.1] AndroidManifest.xml:36:13-44
102            android:enabled="true"
102-->[androidx.profileinstaller:profileinstaller:1.3.1] AndroidManifest.xml:37:13-35
103            android:exported="true"
103-->[androidx.profileinstaller:profileinstaller:1.3.1] AndroidManifest.xml:38:13-36
104            android:permission="android.permission.DUMP" >
104-->[androidx.profileinstaller:profileinstaller:1.3.1] AndroidManifest.xml:39:13-57
105            <intent-filter>
105-->[androidx.profileinstaller:profileinstaller:1.3.1] AndroidManifest.xml:40:13-42:29
106                <action android:name="androidx.profileinstaller.action.INSTALL_PROFILE" />
106-->[androidx.profileinstaller:profileinstaller:1.3.1] AndroidManifest.xml:41:17-91
106-->[androidx.profileinstaller:profileinstaller:1.3.1] AndroidManifest.xml:41:25-88
107            </intent-filter>
108            <intent-filter>
108-->[androidx.profileinstaller:profileinstaller:1.3.1] AndroidManifest.xml:43:13-45:29
109                <action android:name="androidx.profileinstaller.action.SKIP_FILE" />
109-->[androidx.profileinstaller:profileinstaller:1.3.1] AndroidManifest.xml:44:17-85
109-->[androidx.profileinstaller:profileinstaller:1.3.1] AndroidManifest.xml:44:25-82
110            </intent-filter>
111            <intent-filter>
111-->[androidx.profileinstaller:profileinstaller:1.3.1] AndroidManifest.xml:46:13-48:29
112                <action android:name="androidx.profileinstaller.action.SAVE_PROFILE" />
112-->[androidx.profileinstaller:profileinstaller:1.3.1] AndroidManifest.xml:47:17-88
112-->[androidx.profileinstaller:profileinstaller:1.3.1] AndroidManifest.xml:47:25-85
113            </intent-filter>
114            <intent-filter>
114-->[androidx.profileinstaller:profileinstaller:1.3.1] AndroidManifest.xml:49:13-51:29
115                <action android:name="androidx.profileinstaller.action.BENCHMARK_OPERATION" />
115-->[androidx.profileinstaller:profileinstaller:1.3.1] AndroidManifest.xml:50:17-95
115-->[androidx.profileinstaller:profileinstaller:1.3.1] AndroidManifest.xml:50:25-92
116            </intent-filter>
117        </receiver>
118    </application>
119
120</manifest>